<?xml version="1.0" encoding="UTF-8"?>
<!-- Generated by org.testng.reporters.JUnitReportReporter -->
<testsuite skipped="0" hostname="Admin-PC" name="qaclickacdemy.AppiumTest" tests="2" failures="0" timestamp="27 Mar 2019 17:38:55 GMT" time="0.011" errors="0">
  <testcase name="AppiummTest" time="0.006" classname="qaclickacdemy.AppiumTest"/>
  <testcase name="iOSAndroid" time="0.005" classname="qaclickacdemy.AppiumTest"/>
</testsuite> <!-- qaclickacdemy.AppiumTest -->
