<?xml version="1.0" encoding="UTF-8"?>
<!-- Generated by org.testng.reporters.JUnitReportReporter -->
<testsuite skipped="0" hostname="Admin-PC" name="qaclickacdemy.AppiumTest" tests="2" failures="0" timestamp="27 Mar 2019 18:00:25 GMT" time="0.001" errors="0">
  <testcase name="AppiummTest" time="0.000" classname="qaclickacdemy.AppiumTest"/>
  <testcase name="iOSAndroid" time="0.001" classname="qaclickacdemy.AppiumTest"/>
</testsuite> <!-- qaclickacdemy.AppiumTest -->
