<?xml version="1.0" encoding="UTF-8"?>
<!-- Generated by org.testng.reporters.JUnitReportReporter -->
<testsuite skipped="0" hostname="Admin-PC" name="qaclickacdemy.RESTAPITest" tests="2" failures="0" timestamp="27 Mar 2019 18:00:25 GMT" time="0.010" errors="0">
  <testcase name="deleteTwitter" time="0.010" classname="qaclickacdemy.RESTAPITest"/>
  <testcase name="postJira" time="0.000" classname="qaclickacdemy.RESTAPITest"/>
</testsuite> <!-- qaclickacdemy.RESTAPITest -->
