<?xml version="1.0" encoding="UTF-8"?>
<!-- Generated by org.testng.reporters.JUnitReportReporter -->
<testsuite skipped="0" hostname="Admin-PC" name="qaclickacdemy.SeleniumTest" tests="2" failures="0" timestamp="27 Mar 2019 18:00:07 GMT" time="0.002" errors="0">
  <testcase name="ElementsUi" time="0.001" classname="qaclickacdemy.SeleniumTest"/>
  <testcase name="BrowserAutomation" time="0.001" classname="qaclickacdemy.SeleniumTest"/>
</testsuite> <!-- qaclickacdemy.SeleniumTest -->
